TN:
SF:C:\Users\Trixandra\Desktop\Projects\Auto-Mart\server/app.js
FN:14,(anonymous_1)
FN:21,(anonymous_2)
FNF:2
FNH:2
FNDA:1,(anonymous_1)
FNDA:1,(anonymous_2)
DA:1,1
DA:2,1
DA:3,1
DA:4,1
DA:7,1
DA:9,1
DA:10,1
DA:11,1
DA:12,1
DA:14,1
DA:15,1
DA:20,1
DA:21,1
DA:22,1
DA:25,1
LF:15
LH:15
BRDA:20,0,0,1
BRDA:20,0,1,1
BRF:2
BRH:2
end_of_record
TN:
SF:C:\Users\Trixandra\Desktop\Projects\Auto-Mart\server\Config/cloudinaryConfig.js
FN:12,cloudinaryImage
FN:13,(anonymous_2)
FNF:2
FNH:0
FNDA:0,cloudinaryImage
FNDA:0,(anonymous_2)
DA:1,1
DA:2,1
DA:4,1
DA:5,1
DA:12,1
DA:13,0
DA:14,0
DA:15,0
DA:19,1
LF:9
LH:6
BRF:0
BRH:0
end_of_record
TN:
SF:C:\Users\Trixandra\Desktop\Projects\Auto-Mart\server\Config/multerConfig.js
FN:4,destination
FN:9,filename
FNF:2
FNH:0
FNDA:0,destination
FNDA:0,filename
DA:1,1
DA:3,1
DA:5,0
DA:6,0
DA:10,0
DA:14,1
DA:17,1
LF:7
LH:4
BRDA:5,0,0,0
BRDA:5,0,1,0
BRDA:5,1,0,0
BRDA:5,1,1,0
BRF:4
BRH:0
end_of_record
TN:
SF:C:\Users\Trixandra\Desktop\Projects\Auto-Mart\server\controllers\V2/car.js
FNF:0
FNH:0
DA:1,1
DA:2,1
DA:3,1
DA:239,1
LF:4
LH:4
BRF:0
BRH:0
end_of_record
TN:
SF:C:\Users\Trixandra\Desktop\Projects\Auto-Mart\server\controllers\V2/flag.js
FNF:0
FNH:0
DA:1,1
DA:2,1
DA:31,1
LF:3
LH:3
BRF:0
BRH:0
end_of_record
TN:
SF:C:\Users\Trixandra\Desktop\Projects\Auto-Mart\server\controllers\V2/order.js
FNF:0
FNH:0
DA:1,1
DA:2,1
DA:108,1
LF:3
LH:3
BRF:0
BRH:0
end_of_record
TN:
SF:C:\Users\Trixandra\Desktop\Projects\Auto-Mart\server\controllers\V2/user.js
FNF:0
FNH:0
DA:1,1
DA:2,1
DA:7,1
DA:176,1
LF:4
LH:4
BRF:0
BRH:0
end_of_record
TN:
SF:C:\Users\Trixandra\Desktop\Projects\Auto-Mart\server\database/index.js
FN:10,query
FN:18,(anonymous_2)
FN:20,(anonymous_3)
FN:23,(anonymous_4)
FNF:4
FNH:4
FNDA:2,query
FNDA:2,(anonymous_2)
FNDA:1,(anonymous_3)
FNDA:1,(anonymous_4)
DA:1,1
DA:2,1
DA:4,1
DA:6,1
DA:10,1
DA:18,2
DA:19,2
DA:21,1
DA:24,1
LF:9
LH:9
BRF:0
BRH:0
end_of_record
TN:
SF:C:\Users\Trixandra\Desktop\Projects\Auto-Mart\server\middleware/authToken.js
FN:7,verifyToken
FN:16,(anonymous_2)
FNF:2
FNH:2
FNDA:36,verifyToken
FNDA:3,(anonymous_2)
DA:1,1
DA:2,1
DA:4,1
DA:5,1
DA:7,1
DA:8,36
DA:10,36
DA:11,3
DA:12,3
DA:13,3
DA:16,3
DA:17,3
DA:18,3
DA:23,0
DA:24,0
DA:28,33
DA:35,1
LF:17
LH:15
BRDA:10,0,0,3
BRDA:10,0,1,33
BRDA:17,1,0,3
BRDA:17,1,1,0
BRF:4
BRH:3
end_of_record
TN:
SF:C:\Users\Trixandra\Desktop\Projects\Auto-Mart\server\middleware/carValidation.js
FN:2,postAdValidator
FN:114,updateAdPriceValidator
FN:135,updateAdStatusValidator
FN:156,getAvailableCarsWithinPriceRangeValidator
FNF:4
FNH:0
FNDA:0,postAdValidator
FNDA:0,updateAdPriceValidator
FNDA:0,updateAdStatusValidator
FNDA:0,getAvailableCarsWithinPriceRangeValidator
DA:2,0
DA:11,0
DA:13,0
DA:14,0
DA:21,0
DA:22,0
DA:28,0
DA:29,0
DA:36,0
DA:37,0
DA:44,0
DA:45,0
DA:52,0
DA:53,0
DA:59,0
DA:60,0
DA:66,0
DA:67,0
DA:73,0
DA:74,0
DA:80,0
DA:81,0
DA:88,0
DA:89,0
DA:95,0
DA:96,0
DA:103,0
DA:104,0
DA:111,0
DA:117,0
DA:118,0
DA:119,0
DA:125,0
DA:126,0
DA:132,0
DA:138,0
DA:139,0
DA:140,0
DA:146,0
DA:147,0
DA:153,0
DA:156,0
DA:160,0
DA:161,0
DA:162,0
DA:168,0
DA:169,0
DA:176,0
DA:177,0
DA:183,0
DA:190,1
LF:51
LH:1
BRDA:13,0,0,0
BRDA:13,0,1,0
BRDA:21,1,0,0
BRDA:21,1,1,0
BRDA:28,2,0,0
BRDA:28,2,1,0
BRDA:36,3,0,0
BRDA:36,3,1,0
BRDA:44,4,0,0
BRDA:44,4,1,0
BRDA:52,5,0,0
BRDA:52,5,1,0
BRDA:59,6,0,0
BRDA:59,6,1,0
BRDA:66,7,0,0
BRDA:66,7,1,0
BRDA:73,8,0,0
BRDA:73,8,1,0
BRDA:80,9,0,0
BRDA:80,9,1,0
BRDA:88,10,0,0
BRDA:88,10,1,0
BRDA:95,11,0,0
BRDA:95,11,1,0
BRDA:103,12,0,0
BRDA:103,12,1,0
BRDA:118,13,0,0
BRDA:118,13,1,0
BRDA:125,14,0,0
BRDA:125,14,1,0
BRDA:139,15,0,0
BRDA:139,15,1,0
BRDA:146,16,0,0
BRDA:146,16,1,0
BRDA:161,17,0,0
BRDA:161,17,1,0
BRDA:161,18,0,0
BRDA:161,18,1,0
BRDA:168,19,0,0
BRDA:168,19,1,0
BRDA:176,20,0,0
BRDA:176,20,1,0
BRF:42
BRH:0
end_of_record
TN:
SF:C:\Users\Trixandra\Desktop\Projects\Auto-Mart\server\middleware/flagValidation.js
FN:2,flagAdValidator
FNF:1
FNH:0
FNDA:0,flagAdValidator
DA:2,0
DA:6,0
DA:8,0
DA:9,0
DA:16,0
DA:17,0
DA:23,0
DA:24,0
DA:30,0
DA:31,0
DA:37,0
DA:42,1
DA:43,1
LF:13
LH:2
BRDA:8,0,0,0
BRDA:8,0,1,0
BRDA:16,1,0,0
BRDA:16,1,1,0
BRDA:23,2,0,0
BRDA:23,2,1,0
BRDA:30,3,0,0
BRDA:30,3,1,0
BRF:8
BRH:0
end_of_record
TN:
SF:C:\Users\Trixandra\Desktop\Projects\Auto-Mart\server\middleware/helper.js
FN:9,hashPassword
FN:14,comparePassword
FN:18,isValidEmail
FN:30,generateToken
FNF:4
FNH:3
FNDA:1,hashPassword
FNDA:1,comparePassword
FNDA:0,isValidEmail
FNDA:1,generateToken
DA:1,1
DA:2,1
DA:3,1
DA:5,1
DA:6,1
DA:10,1
DA:11,1
DA:15,1
DA:19,0
DA:30,1
DA:31,1
DA:43,1
DA:47,1
LF:13
LH:12
BRF:0
BRH:0
end_of_record
TN:
SF:C:\Users\Trixandra\Desktop\Projects\Auto-Mart\server\middleware/orderValidation.js
FN:2,postOrderValidator
FN:34,updateOrderPriceValidator
FNF:2
FNH:0
FNDA:0,postOrderValidator
FNDA:0,updateOrderPriceValidator
DA:2,0
DA:6,0
DA:8,0
DA:9,0
DA:16,0
DA:17,0
DA:24,0
DA:25,0
DA:31,0
DA:37,0
DA:38,0
DA:39,0
DA:45,0
DA:50,1
LF:14
LH:1
BRDA:8,0,0,0
BRDA:8,0,1,0
BRDA:16,1,0,0
BRDA:16,1,1,0
BRDA:24,2,0,0
BRDA:24,2,1,0
BRDA:38,3,0,0
BRDA:38,3,1,0
BRF:8
BRH:0
end_of_record
TN:
SF:C:\Users\Trixandra\Desktop\Projects\Auto-Mart\server\middleware/userValidation.js
FN:2,signupValidator
FN:124,signinValidator
FN:183,makeAdminValidator
FNF:3
FNH:2
FNDA:18,signupValidator
FNDA:8,signinValidator
FNDA:0,makeAdminValidator
DA:2,18
DA:9,18
DA:12,18
DA:13,1
DA:20,17
DA:21,1
DA:27,16
DA:28,2
DA:34,14
DA:35,1
DA:42,13
DA:43,1
DA:49,12
DA:50,2
DA:56,10
DA:57,1
DA:63,9
DA:64,1
DA:70,8
DA:71,1
DA:77,7
DA:78,1
DA:85,6
DA:86,1
DA:92,5
DA:93,1
DA:100,4
DA:101,1
DA:108,3
DA:109,1
DA:115,2
DA:116,1
DA:121,1
DA:124,8
DA:128,8
DA:130,8
DA:131,1
DA:138,7
DA:139,1
DA:145,6
DA:146,6
DA:147,1
DA:152,5
DA:153,1
DA:159,4
DA:160,1
DA:166,3
DA:167,1
DA:173,2
DA:174,1
DA:180,1
DA:186,0
DA:188,0
DA:189,0
DA:196,0
DA:197,0
DA:203,0
DA:204,0
DA:205,0
DA:210,0
DA:214,1
LF:61
LH:52
BRDA:12,0,0,1
BRDA:12,0,1,17
BRDA:20,1,0,1
BRDA:20,1,1,16
BRDA:27,2,0,2
BRDA:27,2,1,14
BRDA:34,3,0,1
BRDA:34,3,1,13
BRDA:42,4,0,1
BRDA:42,4,1,12
BRDA:49,5,0,2
BRDA:49,5,1,10
BRDA:56,6,0,1
BRDA:56,6,1,9
BRDA:63,7,0,1
BRDA:63,7,1,8
BRDA:70,8,0,1
BRDA:70,8,1,7
BRDA:77,9,0,1
BRDA:77,9,1,6
BRDA:85,10,0,1
BRDA:85,10,1,5
BRDA:92,11,0,1
BRDA:92,11,1,4
BRDA:100,12,0,1
BRDA:100,12,1,3
BRDA:108,13,0,1
BRDA:108,13,1,2
BRDA:115,14,0,1
BRDA:115,14,1,1
BRDA:115,15,0,2
BRDA:115,15,1,1
BRDA:130,16,0,1
BRDA:130,16,1,7
BRDA:138,17,0,1
BRDA:138,17,1,6
BRDA:146,18,0,1
BRDA:146,18,1,5
BRDA:152,19,0,1
BRDA:152,19,1,4
BRDA:159,20,0,1
BRDA:159,20,1,3
BRDA:166,21,0,1
BRDA:166,21,1,2
BRDA:173,22,0,1
BRDA:173,22,1,1
BRDA:173,23,0,2
BRDA:173,23,1,1
BRDA:188,24,0,0
BRDA:188,24,1,0
BRDA:196,25,0,0
BRDA:196,25,1,0
BRDA:204,26,0,0
BRDA:204,26,1,0
BRF:54
BRH:48
end_of_record
TN:
SF:C:\Users\Trixandra\Desktop\Projects\Auto-Mart\server\models\V2/car.js
FNF:0
FNH:0
DA:1,1
DA:18,1
LF:2
LH:2
BRF:0
BRH:0
end_of_record
TN:
SF:C:\Users\Trixandra\Desktop\Projects\Auto-Mart\server\models\V2/flags.js
FNF:0
FNH:0
DA:1,1
DA:8,1
LF:2
LH:2
BRF:0
BRH:0
end_of_record
TN:
SF:C:\Users\Trixandra\Desktop\Projects\Auto-Mart\server\models\V2/order.js
FNF:0
FNH:0
DA:1,1
DA:12,1
LF:2
LH:2
BRF:0
BRH:0
end_of_record
TN:
SF:C:\Users\Trixandra\Desktop\Projects\Auto-Mart\server\routes/carRoutes.js
FNF:0
FNH:0
DA:1,1
DA:2,1
DA:3,1
DA:9,1
DA:10,1
DA:11,1
DA:14,1
DA:16,1
DA:17,1
DA:18,1
DA:19,1
DA:20,1
DA:21,1
DA:22,1
DA:23,1
DA:24,1
DA:27,1
LF:17
LH:17
BRF:0
BRH:0
end_of_record
TN:
SF:C:\Users\Trixandra\Desktop\Projects\Auto-Mart\server\routes/flagRoutes.js
FNF:0
FNH:0
DA:1,1
DA:2,1
DA:3,1
DA:4,1
DA:7,1
DA:9,1
DA:14,1
LF:7
LH:7
BRF:0
BRH:0
end_of_record
TN:
SF:C:\Users\Trixandra\Desktop\Projects\Auto-Mart\server\routes/index.js
FNF:0
FNH:0
DA:1,1
DA:2,1
DA:3,1
DA:4,1
DA:5,1
DA:7,1
DA:9,1
DA:10,1
DA:11,1
DA:12,1
DA:29,1
LF:11
LH:11
BRF:0
BRH:0
end_of_record
TN:
SF:C:\Users\Trixandra\Desktop\Projects\Auto-Mart\server\routes/orderRoutes.js
FNF:0
FNH:0
DA:1,1
DA:2,1
DA:3,1
DA:4,1
DA:7,1
DA:9,1
DA:10,1
DA:11,1
DA:12,1
DA:15,1
LF:10
LH:10
BRF:0
BRH:0
end_of_record
TN:
SF:C:\Users\Trixandra\Desktop\Projects\Auto-Mart\server\routes/userRoutes.js
FNF:0
FNH:0
DA:1,1
DA:2,1
DA:3,1
DA:4,1
DA:6,1
DA:8,1
DA:9,1
DA:10,1
DA:11,1
DA:12,1
DA:13,1
DA:16,1
LF:12
LH:12
BRF:0
BRH:0
end_of_record
TN:
SF:C:\Users\Trixandra\Desktop\Projects\Auto-Mart\server\test/car.spec.js
FN:32,(anonymous_1)
FN:33,(anonymous_2)
FN:37,(anonymous_3)
FN:43,(anonymous_4)
FN:44,(anonymous_5)
FN:47,(anonymous_6)
FN:50,(anonymous_7)
FN:51,(anonymous_8)
FN:56,(anonymous_9)
FN:62,(anonymous_10)
FN:66,(anonymous_11)
FN:73,(anonymous_12)
FN:77,(anonymous_13)
FN:83,(anonymous_14)
FN:87,(anonymous_15)
FN:94,(anonymous_16)
FN:98,(anonymous_17)
FN:104,(anonymous_18)
FN:108,(anonymous_19)
FN:115,(anonymous_20)
FN:119,(anonymous_21)
FN:126,(anonymous_22)
FN:130,(anonymous_23)
FN:136,(anonymous_24)
FN:142,(anonymous_25)
FN:149,(anonymous_26)
FN:154,(anonymous_27)
FN:160,(anonymous_28)
FN:164,(anonymous_29)
FN:182,(anonymous_30)
FN:183,(anonymous_31)
FN:187,(anonymous_32)
FN:195,(anonymous_33)
FN:196,(anonymous_34)
FN:200,(anonymous_35)
FN:207,(anonymous_36)
FN:208,(anonymous_37)
FN:212,(anonymous_38)
FN:218,(anonymous_39)
FN:222,(anonymous_40)
FN:229,(anonymous_41)
FN:230,(anonymous_42)
FN:233,(anonymous_43)
FN:239,(anonymous_44)
FN:243,(anonymous_45)
FN:250,(anonymous_46)
FN:251,(anonymous_47)
FN:254,(anonymous_48)
FN:262,(anonymous_49)
FN:263,(anonymous_50)
FN:266,(anonymous_51)
FN:272,(anonymous_52)
FN:275,(anonymous_53)
FN:281,(anonymous_54)
FN:284,(anonymous_55)
FN:290,(anonymous_56)
FN:293,(anonymous_57)
FN:300,(anonymous_58)
FN:301,(anonymous_59)
FN:305,(anonymous_60)
FN:312,(anonymous_61)
FN:313,(anonymous_62)
FN:316,(anonymous_63)
FN:335,(anonymous_64)
FN:336,(anonymous_65)
FN:339,(anonymous_66)
FNF:66
FNH:66
FNDA:1,(anonymous_1)
FNDA:1,(anonymous_2)
FNDA:1,(anonymous_3)
FNDA:1,(anonymous_4)
FNDA:11,(anonymous_5)
FNDA:11,(anonymous_6)
FNDA:1,(anonymous_7)
FNDA:1,(anonymous_8)
FNDA:1,(anonymous_9)
FNDA:1,(anonymous_10)
FNDA:1,(anonymous_11)
FNDA:1,(anonymous_12)
FNDA:1,(anonymous_13)
FNDA:1,(anonymous_14)
FNDA:1,(anonymous_15)
FNDA:1,(anonymous_16)
FNDA:1,(anonymous_17)
FNDA:1,(anonymous_18)
FNDA:1,(anonymous_19)
FNDA:1,(anonymous_20)
FNDA:1,(anonymous_21)
FNDA:1,(anonymous_22)
FNDA:1,(anonymous_23)
FNDA:1,(anonymous_24)
FNDA:1,(anonymous_25)
FNDA:1,(anonymous_26)
FNDA:1,(anonymous_27)
FNDA:1,(anonymous_28)
FNDA:1,(anonymous_29)
FNDA:1,(anonymous_30)
FNDA:1,(anonymous_31)
FNDA:1,(anonymous_32)
FNDA:1,(anonymous_33)
FNDA:1,(anonymous_34)
FNDA:1,(anonymous_35)
FNDA:1,(anonymous_36)
FNDA:1,(anonymous_37)
FNDA:1,(anonymous_38)
FNDA:1,(anonymous_39)
FNDA:1,(anonymous_40)
FNDA:1,(anonymous_41)
FNDA:1,(anonymous_42)
FNDA:1,(anonymous_43)
FNDA:1,(anonymous_44)
FNDA:1,(anonymous_45)
FNDA:1,(anonymous_46)
FNDA:1,(anonymous_47)
FNDA:1,(anonymous_48)
FNDA:1,(anonymous_49)
FNDA:1,(anonymous_50)
FNDA:1,(anonymous_51)
FNDA:1,(anonymous_52)
FNDA:1,(anonymous_53)
FNDA:1,(anonymous_54)
FNDA:1,(anonymous_55)
FNDA:1,(anonymous_56)
FNDA:1,(anonymous_57)
FNDA:1,(anonymous_58)
FNDA:1,(anonymous_59)
FNDA:1,(anonymous_60)
FNDA:1,(anonymous_61)
FNDA:1,(anonymous_62)
FNDA:1,(anonymous_63)
FNDA:1,(anonymous_64)
FNDA:1,(anonymous_65)
FNDA:1,(anonymous_66)
DA:1,1
DA:2,1
DA:3,1
DA:4,1
DA:5,1
DA:6,1
DA:22,1
DA:26,1
DA:27,1
DA:29,1
DA:32,1
DA:33,1
DA:34,1
DA:38,1
DA:39,1
DA:43,1
DA:44,1
DA:45,11
DA:47,1
DA:48,11
DA:50,1
DA:51,1
DA:52,1
DA:57,1
DA:58,1
DA:62,1
DA:63,1
DA:67,1
DA:68,1
DA:69,1
DA:73,1
DA:74,1
DA:78,1
DA:79,1
DA:80,1
DA:83,1
DA:84,1
DA:88,1
DA:89,1
DA:90,1
DA:94,1
DA:95,1
DA:99,1
DA:100,1
DA:101,1
DA:104,1
DA:105,1
DA:109,1
DA:110,1
DA:111,1
DA:115,1
DA:116,1
DA:120,1
DA:121,1
DA:122,1
DA:126,1
DA:127,1
DA:131,1
DA:132,1
DA:133,1
DA:136,1
DA:137,1
DA:143,1
DA:144,1
DA:145,1
DA:149,1
DA:150,1
DA:155,1
DA:156,1
DA:157,1
DA:160,1
DA:161,1
DA:165,1
DA:166,1
DA:167,1
DA:182,1
DA:183,1
DA:184,1
DA:185,1
DA:188,1
DA:189,1
DA:190,1
DA:195,1
DA:196,1
DA:197,1
DA:198,1
DA:201,1
DA:202,1
DA:203,1
DA:207,1
DA:208,1
DA:209,1
DA:210,1
DA:213,1
DA:214,1
DA:215,1
DA:218,1
DA:219,1
DA:223,1
DA:224,1
DA:225,1
DA:229,1
DA:230,1
DA:231,1
DA:234,1
DA:235,1
DA:236,1
DA:239,1
DA:240,1
DA:244,1
DA:245,1
DA:246,1
DA:250,1
DA:251,1
DA:252,1
DA:255,1
DA:256,1
DA:257,1
DA:262,1
DA:263,1
DA:264,1
DA:267,1
DA:268,0
DA:269,0
DA:272,1
DA:273,1
DA:276,1
DA:277,0
DA:278,0
DA:281,1
DA:282,1
DA:285,1
DA:286,0
DA:287,0
DA:290,1
DA:291,1
DA:294,1
DA:295,0
DA:296,0
DA:300,1
DA:301,1
DA:302,1
DA:306,1
DA:307,1
DA:312,1
DA:313,1
DA:314,1
DA:317,1
DA:318,1
DA:319,1
DA:335,1
DA:336,1
DA:337,1
DA:340,1
DA:341,1
DA:342,1
LF:156
LH:148
BRF:0
BRH:0
end_of_record
TN:
SF:C:\Users\Trixandra\Desktop\Projects\Auto-Mart\server\test/flag.spec.js
FN:14,(anonymous_1)
FN:15,(anonymous_2)
FN:27,(anonymous_3)
FN:34,(anonymous_4)
FN:35,(anonymous_5)
FN:38,(anonymous_6)
FN:45,(anonymous_7)
FN:46,(anonymous_8)
FN:50,(anonymous_9)
FNF:9
FNH:9
FNDA:1,(anonymous_1)
FNDA:1,(anonymous_2)
FNDA:1,(anonymous_3)
FNDA:1,(anonymous_4)
FNDA:1,(anonymous_5)
FNDA:1,(anonymous_6)
FNDA:1,(anonymous_7)
FNDA:1,(anonymous_8)
FNDA:1,(anonymous_9)
DA:1,1
DA:2,1
DA:3,1
DA:4,1
DA:7,1
DA:11,1
DA:12,1
DA:14,1
DA:15,1
DA:16,1
DA:24,1
DA:28,1
DA:29,1
DA:30,1
DA:34,1
DA:35,1
DA:36,1
DA:39,1
DA:40,0
DA:41,0
DA:45,1
DA:46,1
DA:47,1
DA:48,1
DA:51,1
DA:52,0
DA:53,0
LF:27
LH:23
BRF:0
BRH:0
end_of_record
TN:
SF:C:\Users\Trixandra\Desktop\Projects\Auto-Mart\server\test/order.spec.js
FN:19,(anonymous_1)
FN:20,(anonymous_2)
FN:24,(anonymous_3)
FN:31,(anonymous_4)
FN:35,(anonymous_5)
FN:43,(anonymous_6)
FN:47,(anonymous_7)
FN:55,(anonymous_8)
FN:56,(anonymous_9)
FN:59,(anonymous_10)
FN:66,(anonymous_11)
FN:67,(anonymous_12)
FN:70,(anonymous_13)
FN:78,(anonymous_14)
FN:79,(anonymous_15)
FN:83,(anonymous_16)
FN:90,(anonymous_17)
FN:91,(anonymous_18)
FN:95,(anonymous_19)
FNF:19
FNH:19
FNDA:1,(anonymous_1)
FNDA:1,(anonymous_2)
FNDA:1,(anonymous_3)
FNDA:1,(anonymous_4)
FNDA:1,(anonymous_5)
FNDA:1,(anonymous_6)
FNDA:1,(anonymous_7)
FNDA:1,(anonymous_8)
FNDA:1,(anonymous_9)
FNDA:1,(anonymous_10)
FNDA:1,(anonymous_11)
FNDA:1,(anonymous_12)
FNDA:1,(anonymous_13)
FNDA:1,(anonymous_14)
FNDA:1,(anonymous_15)
FNDA:1,(anonymous_16)
FNDA:1,(anonymous_17)
FNDA:1,(anonymous_18)
FNDA:1,(anonymous_19)
DA:1,1
DA:2,1
DA:3,1
DA:4,1
DA:5,1
DA:12,1
DA:16,1
DA:17,1
DA:19,1
DA:20,1
DA:21,1
DA:25,1
DA:26,1
DA:27,1
DA:31,1
DA:32,1
DA:36,1
DA:37,1
DA:38,1
DA:43,1
DA:44,1
DA:48,1
DA:49,1
DA:50,1
DA:55,1
DA:56,1
DA:57,1
DA:60,1
DA:61,1
DA:62,1
DA:66,1
DA:67,1
DA:68,1
DA:71,1
DA:72,1
DA:73,1
DA:78,1
DA:79,1
DA:80,1
DA:84,1
DA:85,1
DA:86,1
DA:90,1
DA:91,1
DA:92,1
DA:93,1
DA:96,1
DA:97,0
DA:98,0
LF:49
LH:47
BRF:0
BRH:0
end_of_record
TN:
SF:C:\Users\Trixandra\Desktop\Projects\Auto-Mart\server\test/user.spec.js
FN:41,(anonymous_1)
FN:42,(anonymous_2)
FN:45,(anonymous_3)
FN:53,(anonymous_4)
FN:54,(anonymous_5)
FN:57,(anonymous_6)
FN:60,(anonymous_7)
FN:61,(anonymous_8)
FN:65,(anonymous_9)
FN:73,(anonymous_10)
FN:77,(anonymous_11)
FN:84,(anonymous_12)
FN:88,(anonymous_13)
FN:94,(anonymous_14)
FN:98,(anonymous_15)
FN:104,(anonymous_16)
FN:108,(anonymous_17)
FN:116,(anonymous_18)
FN:120,(anonymous_19)
FN:127,(anonymous_20)
FN:131,(anonymous_21)
FN:137,(anonymous_22)
FN:141,(anonymous_23)
FN:147,(anonymous_24)
FN:151,(anonymous_25)
FN:158,(anonymous_26)
FN:162,(anonymous_27)
FN:169,(anonymous_28)
FN:173,(anonymous_29)
FN:179,(anonymous_30)
FN:183,(anonymous_31)
FN:190,(anonymous_32)
FN:194,(anonymous_33)
FN:201,(anonymous_34)
FN:205,(anonymous_35)
FN:213,(anonymous_36)
FN:217,(anonymous_37)
FN:225,(anonymous_38)
FN:229,(anonymous_39)
FN:235,(anonymous_40)
FN:239,(anonymous_41)
FN:245,(anonymous_42)
FN:249,(anonymous_43)
FN:256,(anonymous_44)
FN:257,(anonymous_45)
FN:261,(anonymous_46)
FN:269,(anonymous_47)
FN:273,(anonymous_48)
FN:280,(anonymous_49)
FN:284,(anonymous_50)
FN:293,(anonymous_51)
FN:297,(anonymous_52)
FN:305,(anonymous_53)
FN:309,(anonymous_54)
FN:315,(anonymous_55)
FN:319,(anonymous_56)
FN:325,(anonymous_57)
FN:329,(anonymous_58)
FN:335,(anonymous_59)
FN:339,(anonymous_60)
FN:348,(anonymous_61)
FN:349,(anonymous_62)
FN:352,(anonymous_63)
FN:358,(anonymous_64)
FN:362,(anonymous_65)
FN:368,(anonymous_66)
FN:372,(anonymous_67)
FN:380,(anonymous_68)
FN:384,(anonymous_69)
FN:392,(anonymous_70)
FN:393,(anonymous_71)
FN:396,(anonymous_72)
FN:403,(anonymous_73)
FN:404,(anonymous_74)
FN:407,(anonymous_75)
FN:414,(anonymous_76)
FN:415,(anonymous_77)
FN:418,(anonymous_78)
FNF:78
FNH:78
FNDA:1,(anonymous_1)
FNDA:1,(anonymous_2)
FNDA:1,(anonymous_3)
FNDA:1,(anonymous_4)
FNDA:30,(anonymous_5)
FNDA:30,(anonymous_6)
FNDA:1,(anonymous_7)
FNDA:1,(anonymous_8)
FNDA:1,(anonymous_9)
FNDA:1,(anonymous_10)
FNDA:1,(anonymous_11)
FNDA:1,(anonymous_12)
FNDA:1,(anonymous_13)
FNDA:1,(anonymous_14)
FNDA:1,(anonymous_15)
FNDA:1,(anonymous_16)
FNDA:1,(anonymous_17)
FNDA:1,(anonymous_18)
FNDA:1,(anonymous_19)
FNDA:1,(anonymous_20)
FNDA:1,(anonymous_21)
FNDA:1,(anonymous_22)
FNDA:1,(anonymous_23)
FNDA:1,(anonymous_24)
FNDA:1,(anonymous_25)
FNDA:1,(anonymous_26)
FNDA:1,(anonymous_27)
FNDA:1,(anonymous_28)
FNDA:1,(anonymous_29)
FNDA:1,(anonymous_30)
FNDA:1,(anonymous_31)
FNDA:1,(anonymous_32)
FNDA:1,(anonymous_33)
FNDA:1,(anonymous_34)
FNDA:1,(anonymous_35)
FNDA:1,(anonymous_36)
FNDA:1,(anonymous_37)
FNDA:1,(anonymous_38)
FNDA:1,(anonymous_39)
FNDA:1,(anonymous_40)
FNDA:1,(anonymous_41)
FNDA:1,(anonymous_42)
FNDA:1,(anonymous_43)
FNDA:1,(anonymous_44)
FNDA:1,(anonymous_45)
FNDA:1,(anonymous_46)
FNDA:1,(anonymous_47)
FNDA:1,(anonymous_48)
FNDA:1,(anonymous_49)
FNDA:1,(anonymous_50)
FNDA:1,(anonymous_51)
FNDA:1,(anonymous_52)
FNDA:1,(anonymous_53)
FNDA:1,(anonymous_54)
FNDA:1,(anonymous_55)
FNDA:1,(anonymous_56)
FNDA:1,(anonymous_57)
FNDA:1,(anonymous_58)
FNDA:1,(anonymous_59)
FNDA:1,(anonymous_60)
FNDA:1,(anonymous_61)
FNDA:1,(anonymous_62)
FNDA:1,(anonymous_63)
FNDA:1,(anonymous_64)
FNDA:1,(anonymous_65)
FNDA:1,(anonymous_66)
FNDA:1,(anonymous_67)
FNDA:1,(anonymous_68)
FNDA:1,(anonymous_69)
FNDA:1,(anonymous_70)
FNDA:1,(anonymous_71)
FNDA:1,(anonymous_72)
FNDA:1,(anonymous_73)
FNDA:1,(anonymous_74)
FNDA:1,(anonymous_75)
FNDA:1,(anonymous_76)
FNDA:1,(anonymous_77)
FNDA:1,(anonymous_78)
DA:1,1
DA:2,1
DA:3,1
DA:4,1
DA:6,1
DA:33,1
DA:37,1
DA:38,1
DA:41,1
DA:42,1
DA:43,1
DA:46,1
DA:47,1
DA:48,1
DA:49,1
DA:53,1
DA:54,1
DA:55,30
DA:57,1
DA:58,30
DA:60,1
DA:61,1
DA:62,1
DA:66,1
DA:67,0
DA:68,0
DA:73,1
DA:74,1
DA:78,1
DA:79,1
DA:80,1
DA:84,1
DA:85,1
DA:89,1
DA:90,1
DA:91,1
DA:94,1
DA:95,1
DA:99,1
DA:100,1
DA:101,1
DA:104,1
DA:105,1
DA:109,1
DA:110,1
DA:111,1
DA:116,1
DA:117,1
DA:121,1
DA:122,1
DA:123,1
DA:127,1
DA:128,1
DA:132,1
DA:133,1
DA:134,1
DA:137,1
DA:138,1
DA:142,1
DA:143,1
DA:144,1
DA:147,1
DA:148,1
DA:152,1
DA:153,1
DA:154,1
DA:158,1
DA:159,1
DA:163,1
DA:164,1
DA:165,1
DA:169,1
DA:170,1
DA:174,1
DA:175,1
DA:176,1
DA:179,1
DA:180,1
DA:184,1
DA:185,1
DA:186,1
DA:190,1
DA:191,1
DA:195,1
DA:196,1
DA:197,1
DA:201,1
DA:202,1
DA:206,1
DA:207,1
DA:208,1
DA:213,1
DA:214,1
DA:218,1
DA:219,1
DA:220,1
DA:221,1
DA:225,1
DA:226,1
DA:230,1
DA:231,1
DA:232,1
DA:235,1
DA:236,1
DA:240,1
DA:241,1
DA:242,1
DA:245,1
DA:246,1
DA:250,1
DA:251,1
DA:252,1
DA:256,1
DA:257,1
DA:258,1
DA:262,1
DA:264,1
DA:265,1
DA:266,1
DA:269,1
DA:270,1
DA:274,1
DA:275,1
DA:276,1
DA:280,1
DA:281,1
DA:285,1
DA:286,1
DA:287,1
DA:293,1
DA:294,1
DA:298,1
DA:299,1
DA:300,1
DA:301,1
DA:305,1
DA:306,1
DA:310,1
DA:311,1
DA:312,1
DA:315,1
DA:316,1
DA:320,1
DA:321,1
DA:322,1
DA:325,1
DA:326,1
DA:330,1
DA:331,1
DA:332,1
DA:335,1
DA:336,1
DA:340,1
DA:341,1
DA:342,1
DA:348,1
DA:349,1
DA:350,1
DA:353,1
DA:354,1
DA:355,1
DA:358,1
DA:359,1
DA:363,1
DA:364,1
DA:365,1
DA:368,1
DA:369,1
DA:373,1
DA:374,1
DA:375,1
DA:380,1
DA:381,1
DA:385,1
DA:386,1
DA:387,1
DA:392,1
DA:393,1
DA:394,1
DA:397,1
DA:398,1
DA:399,1
DA:403,1
DA:404,1
DA:405,1
DA:408,1
DA:409,1
DA:410,1
DA:414,1
DA:415,1
DA:416,1
DA:419,1
DA:420,1
DA:421,1
LF:194
LH:192
BRF:0
BRH:0
end_of_record
TN:
SF:C:\Users\Trixandra\Desktop\Projects\Auto-Mart\server\test\mockData/carMock.js
FNF:0
FNH:0
DA:1,1
DA:14,1
DA:24,1
DA:36,1
DA:48,1
DA:60,1
DA:73,1
DA:85,1
DA:96,1
DA:109,1
DA:122,1
DA:135,1
DA:148,1
DA:161,1
DA:174,1
LF:15
LH:15
BRF:0
BRH:0
end_of_record
TN:
SF:C:\Users\Trixandra\Desktop\Projects\Auto-Mart\server\test\mockData/orderMock.js
FNF:0
FNH:0
DA:1,1
DA:10,1
DA:19,1
DA:29,1
DA:38,1
DA:48,1
DA:58,1
DA:67,1
DA:77,1
DA:86,1
LF:10
LH:10
BRF:0
BRH:0
end_of_record
TN:
SF:C:\Users\Trixandra\Desktop\Projects\Auto-Mart\server\test\mockData/userMock.js
FNF:0
FNH:0
DA:1,1
DA:10,1
DA:16,1
DA:24,1
DA:31,1
DA:38,1
DA:46,1
DA:53,1
DA:61,1
DA:68,1
DA:75,1
DA:82,1
DA:89,1
DA:97,1
DA:105,1
DA:112,1
DA:120,1
DA:127,1
DA:135,1
DA:143,1
DA:150,1
DA:158,1
DA:165,1
DA:174,1
DA:182,1
DA:186,1
DA:190,1
DA:194,1
DA:199,1
DA:203,1
DA:208,1
DA:211,1
DA:215,1
DA:220,1
LF:34
LH:34
BRF:0
BRH:0
end_of_record
